<?xml version="1.0" encoding="UTF-8" ?>
<testsuite tests="6" failures="2" name="com.demo.TestRunner.TestRunnerAddCustomer" time="53.007" errors="0" skipped="0">
  <properties>
[...]
</properties>
  <testcase classname="Customers" name="Add a new customer" time="18.671"/>
  <testcase classname="Customers" name="Search customer by using Emailid" time="9.001">
    <failure type="java.lang.AssertionError">java.lang.AssertionError
	at org.junit.Assert.fail(Assert.java:87)
	at org.junit.Assert.assertTrue(Assert.java:42)
	at org.junit.Assert.assertTrue(Assert.java:53)
	at com.demo.StepDefinitions.StepDefinitions.user_should_found_email_in_the_search_table(StepDefinitions.java:232)
	at ✽.user should found email in the search table(file:///C:/Users/anush/eclipse-workspace/CucumberHybridFramework/./Features/customer.feature:25)
</failure>
    <system-out>
@regression
Scenario: Search customer by using Emailid                                                             # Features/customer.feature:22
 INFO [main] (StepDefinitions.java:57)- User launch the browser
  Given User launch the browser                                                                        # com.demo.StepDefinitions.StepDefinitions.user_launch_the_browser()
 INFO [main] (StepDefinitions.java:69)- user opens the URL
  When user opens the URL &quot;https://admin-demo.nopcommerce.com/login&quot;                                   # com.demo.StepDefinitions.StepDefinitions.user_opens_the_url(java.lang.String)
 INFO [main] (StepDefinitions.java:78)- user enters email  and password 
  And user enters email &quot;admin@yourstore.com&quot; and password &quot;admin&quot;                                     # com.demo.StepDefinitions.StepDefinitions.user_enters_email_and_password(java.lang.String,java.lang.String)
 INFO [main] (StepDefinitions.java:86)- user clicks login button
  And user clicks login button                                                                         # com.demo.StepDefinitions.StepDefinitions.user_clicks_login_button()
************Dashboard / nopCommerce administration
 INFO [main] (StepDefinitions.java:104)- user navigated to home page
  Then user should navigated to home page and title should be &quot;Dashboard / nopCommerce administration&quot; # com.demo.StepDefinitions.StepDefinitions.user_should_navigated_to_home_page_and_title_should_be(java.lang.String)
 INFO [main] (StepDefinitions.java:134)- user clicks on Customer menu 
  When user clicks on Customer menu                                                                    # com.demo.StepDefinitions.StepDefinitions.user_clicks_on_customer_menu()
 INFO [main] (StepDefinitions.java:142)- user clicks on customer menu item 
  And user clicks on customer menu item                                                                # com.demo.StepDefinitions.StepDefinitions.user_clicks_on_customer_menu_item()
 INFO [main] (StepDefinitions.java:215)- user enters customer email to search
  When user enters customer email                                                                      # com.demo.StepDefinitions.StepDefinitions.user_enters_customer_email()
 INFO [main] (StepDefinitions.java:224)- user clicks on the search button
  And user clicks on the search button                                                                 # com.demo.StepDefinitions.StepDefinitions.user_clicks_on_the_search_button()
%%%%%%%%%%%%%%%%%%%%No data available in table
  Then user should found email in the search table                                                     # com.demo.StepDefinitions.StepDefinitions.user_should_found_email_in_the_search_table()
      java.lang.AssertionError
	at org.junit.Assert.fail(Assert.java:87)
	at org.junit.Assert.assertTrue(Assert.java:42)
	at org.junit.Assert.assertTrue(Assert.java:53)
	at com.demo.StepDefinitions.StepDefinitions.user_should_found_email_in_the_search_table(StepDefinitions.java:232)
	at âœ½.user should found email in the search table(file:///C:/Users/anush/eclipse-workspace/CucumberHybridFramework/./Features/customer.feature:25)

  And close the browser                                                                                # com.demo.StepDefinitions.StepDefinitions.close_the_browser()
</system-out>
    <system-err>May 21, 2023 9:05:42 PM org.openqa.selenium.manager.SeleniumManager getDriverPath
INFO: Applicable driver not found; attempting to install with Selenium Manager (Beta)
Starting ChromeDriver 113.0.5672.63 (0e1a4471d5ae5bf128b1bd8f4d627c8cbd55f70c-refs/branch-heads/5672@{#912}) on port 42396
Only local connections are allowed.
Please see https://chromedriver.chromium.org/security-considerations for suggestions on keeping ChromeDriver safe.
ChromeDriver was started successfully.
</system-err>
  </testcase>
  <testcase classname="Customers" name="Search customer by using First name and last name" time="9.846"/>
  <testcase classname="Login" name="Login with valid credentials" time="7.504"/>
  <testcase classname="Login" name="Login with multiple credentials(Data Driven) #1" time="5.08"/>
  <testcase classname="Login" name="Login with multiple credentials(Data Driven) #2" time="2.905">
    <failure type="java.lang.AssertionError">java.lang.AssertionError
	at org.junit.Assert.fail(Assert.java:87)
	at org.junit.Assert.assertTrue(Assert.java:42)
	at org.junit.Assert.assertTrue(Assert.java:53)
	at com.demo.StepDefinitions.StepDefinitions.user_should_navigated_to_home_page_and_title_should_be(StepDefinitions.java:97)
	at ✽.user should navigated to home page and title should be &quot;Dashboard / nopCommerce administration&quot;(file:///C:/Users/anush/eclipse-workspace/CucumberHybridFramework/./Features/login.feature:20)
</failure>
    <system-out>
@regression
Scenario Outline: Login with multiple credentials(Data Driven)                                         # Features/login.feature:28
 INFO [main] (StepDefinitions.java:57)- User launch the browser
  Given User launch the browser                                                                        # com.demo.StepDefinitions.StepDefinitions.user_launch_the_browser()
 INFO [main] (StepDefinitions.java:69)- user opens the URL
  When user opens the URL &quot;https://admin-demo.nopcommerce.com/login&quot;                                   # com.demo.StepDefinitions.StepDefinitions.user_opens_the_url(java.lang.String)
 INFO [main] (StepDefinitions.java:78)- user enters email  and password 
  And user enters email &quot;admin@yourstore.com&quot; and password &quot;admin123&quot;                                  # com.demo.StepDefinitions.StepDefinitions.user_enters_email_and_password(java.lang.String,java.lang.String)
 INFO [main] (StepDefinitions.java:86)- user clicks login button
  And user clicks login button                                                                         # com.demo.StepDefinitions.StepDefinitions.user_clicks_login_button()
 INFO [main] (StepDefinitions.java:95)-  Login was unsuccessful
  Then user should navigated to home page and title should be &quot;Dashboard / nopCommerce administration&quot; # com.demo.StepDefinitions.StepDefinitions.user_should_navigated_to_home_page_and_title_should_be(java.lang.String)
      java.lang.AssertionError
	at org.junit.Assert.fail(Assert.java:87)
	at org.junit.Assert.assertTrue(Assert.java:42)
	at org.junit.Assert.assertTrue(Assert.java:53)
	at com.demo.StepDefinitions.StepDefinitions.user_should_navigated_to_home_page_and_title_should_be(StepDefinitions.java:97)
	at âœ½.user should navigated to home page and title should be &quot;Dashboard / nopCommerce administration&quot;(file:///C:/Users/anush/eclipse-workspace/CucumberHybridFramework/./Features/login.feature:20)

  When user clicks on Logout button                                                                    # com.demo.StepDefinitions.StepDefinitions.user_clicks_on_logout_button()
  Then user navigated to login page and title of the page should be &quot;Your store. Login&quot;                # com.demo.StepDefinitions.StepDefinitions.user_navigated_to_login_page_and_title_of_the_page_should_be(java.lang.String)
  And close the browser                                                                                # com.demo.StepDefinitions.StepDefinitions.close_the_browser()
</system-out>
    <system-err>May 21, 2023 9:06:14 PM org.openqa.selenium.manager.SeleniumManager getDriverPath
INFO: Applicable driver not found; attempting to install with Selenium Manager (Beta)
Starting ChromeDriver 113.0.5672.63 (0e1a4471d5ae5bf128b1bd8f4d627c8cbd55f70c-refs/branch-heads/5672@{#912}) on port 9583
Only local connections are allowed.
Please see https://chromedriver.chromium.org/security-considerations for suggestions on keeping ChromeDriver safe.
ChromeDriver was started successfully.
</system-err>
  </testcase>
</testsuite>